2021-01-23 07:10:04,390 -- root -- INFO -- Verification overture de fichier mots. START
2021-01-23 18:51:35,139 -- root -- INFO -- Verification overture de fichier mots. START
2021-01-23 18:51:36,178 -- urllib3.connectionpool -- DEBUG -- Starting new HTTP connection (1): www.mit.edu:80
2021-01-23 18:51:36,199 -- urllib3.connectionpool -- DEBUG -- http://www.mit.edu:80 "GET /~ecprice/wordlist.10000 HTTP/1.1" 200 75880
2021-01-23 18:51:36,219 -- root -- INFO -- Le Site functionne correcterment. Verification overture de fichier mots. FIN
2021-01-23 18:51:36,221 -- root -- INFO -- Declaration des variables
2021-01-23 18:51:36,222 -- root -- INFO -- Fin de declaration des variables
2021-01-23 18:51:36,222 -- root -- INFO -- Generation d'une liste qui represente les mots choisi. START
2021-01-23 18:51:36,222 -- root -- INFO -- Generation d'une liste qui represente les mots choisi. FIN ==> mot à diviner :cosmetic representation : ['-', '-', '-', '-', '-', '-', '-', '-']
2021-01-23 18:51:36,223 -- root -- INFO -- Debut du boucle while pour diviner le mot caché. START 
2021-01-23 18:52:20,577 -- root -- INFO -- L'utilisateur à tappé : c
2021-01-23 18:52:20,578 -- root -- INFO -- Verification si la lettre fait partir du mot à diviner 
2021-01-23 18:52:20,578 -- root -- INFO -- La lettre : cfait partie du mot, alors chaine decouverte pour le moment c------c
2021-01-23 18:52:20,579 -- root -- INFO -- Affichage du mot decouverte jusqu'au moment ['c', '-', '-', '-', '-', '-', '-', 'c']  liste des lettres tappé : {'c'}
2021-01-23 18:52:20,579 -- root -- INFO -- Initiation de verifaction si on a decouvert le mot . START
2021-01-23 18:52:20,579 -- root -- INFO -- Demande à l'utilisateur s'il veut taper le mot à diviner : [Oui] o / [Non]?. START
2021-01-23 18:52:22,855 -- root -- INFO -- L'utilisateur à tapé n'import quel lettre pour dire NON, on continue le boucle
2021-01-23 18:52:26,579 -- root -- INFO -- L'utilisateur à tappé : l
2021-01-23 18:52:26,579 -- root -- INFO -- Verification si la lettre fait partir du mot à diviner 
2021-01-23 18:52:26,603 -- root -- INFO -- La lettre : l ne fait pas partie du mot, alors on enleve une vie, il reste 6 vies
2021-01-23 18:52:26,606 -- root -- INFO -- Affichage du mot decouverte jusqu'au moment ['c', '-', '-', '-', '-', '-', '-', 'c']  liste des lettres tappé : {'l', 'c'}
2021-01-23 18:52:26,606 -- root -- INFO -- Initiation de verifaction si on a decouvert le mot . START
2021-01-23 18:52:26,607 -- root -- INFO -- Demande à l'utilisateur s'il veut taper le mot à diviner : [Oui] o / [Non]?. START
2021-01-23 18:52:29,858 -- root -- INFO -- L'utilisateur à tapé n'import quel lettre pour dire NON, on continue le boucle
2021-01-23 18:52:33,841 -- root -- INFO -- L'utilisateur à tappé : s
2021-01-23 18:52:33,842 -- root -- INFO -- Verification si la lettre fait partir du mot à diviner 
2021-01-23 18:52:33,844 -- root -- INFO -- La lettre : sfait partie du mot, alors chaine decouverte pour le moment c-s----c
2021-01-23 18:52:33,845 -- root -- INFO -- Affichage du mot decouverte jusqu'au moment ['c', '-', 's', '-', '-', '-', '-', 'c']  liste des lettres tappé : {'l', 'c', 's'}
2021-01-23 18:52:33,846 -- root -- INFO -- Initiation de verifaction si on a decouvert le mot . START
2021-01-23 18:52:33,846 -- root -- INFO -- Demande à l'utilisateur s'il veut taper le mot à diviner : [Oui] o / [Non]?. START
2021-01-23 18:52:51,891 -- root -- INFO -- L'utilisateur à tapé Oui, mot tapé : cosmetic . START
2021-01-23 18:52:51,891 -- root -- INFO -- Mot correcte GAGNE, L'utilisateur à tapé Oui. FIN 
2021-02-02 06:14:27,126 -- root -- INFO -- Verification overture de fichier mots. START
2021-02-02 06:14:27,451 -- root -- INFO -- Error le site est indisponible. Verification overture de fichier mots. FIN
2021-02-02 06:14:27,459 -- root -- INFO -- Declaration des variables
2021-02-02 06:14:27,459 -- root -- INFO -- Fin de declaration des variables
2021-02-02 06:14:27,460 -- root -- INFO -- Generation d'une liste qui represente les mots choisi. START
2021-02-02 06:14:27,460 -- root -- INFO -- Generation d'une liste qui represente les mots choisi. FIN ==> mot à diviner : maison representation : ['-', '-', '-', '-', '-', '-', '-']
2021-02-02 06:14:27,791 -- root -- INFO -- Debut du boucle while pour diviner le mot caché. START 
2021-02-02 06:15:10,675 -- root -- INFO -- Verification overture de fichier mots. START
2021-02-02 06:15:11,044 -- root -- INFO -- Le Site functionne correcterment. Verification overture de fichier mots. FIN
2021-02-02 06:15:59,711 -- root -- INFO -- Verification overture de fichier mots. START
2021-02-02 06:16:00,559 -- root -- INFO -- Le Site functionne correcterment. Verification overture de fichier mots. FIN
2021-02-02 06:16:56,064 -- root -- INFO -- Verification overture de fichier mots. START
2021-02-02 06:16:56,136 -- root -- INFO -- Le Site functionne correcterment. Verification overture de fichier mots. FIN
2021-02-02 06:17:31,606 -- root -- INFO -- Verification overture de fichier mots. START
2021-02-02 06:17:31,666 -- root -- INFO -- Le Site functionne correcterment. Verification overture de fichier mots. FIN
2021-02-02 06:19:02,037 -- root -- INFO -- Verification overture de fichier mots. START
2021-02-02 06:19:02,040 -- urllib3.connectionpool -- DEBUG -- Starting new HTTP connection (1): www.mit.edu:80
2021-02-02 06:19:02,276 -- urllib3.connectionpool -- DEBUG -- http://www.mit.edu:80 "GET /~ecprice/word2list.10000 HTTP/1.1" 404 14796
2021-02-02 06:19:02,353 -- root -- INFO -- Le Site functionne correcterment. Verification overture de fichier mots. FIN
2021-02-02 06:20:22,904 -- root -- INFO -- Verification overture de fichier mots. START
2021-02-02 06:20:22,907 -- urllib3.connectionpool -- DEBUG -- Starting new HTTP connection (1): www.mit.edu:80
2021-02-02 06:20:22,969 -- urllib3.connectionpool -- DEBUG -- http://www.mit.edu:80 "GET /~ecprice/wordlist.10000 HTTP/1.1" 200 75880
2021-02-02 06:20:22,989 -- root -- INFO -- Le Site functionne correcterment. Verification overture de fichier mots. FIN
2021-02-02 06:20:25,947 -- root -- INFO -- Declaration des variables
2021-02-02 06:20:25,947 -- root -- INFO -- Fin de declaration des variables
2021-02-02 06:20:25,947 -- root -- INFO -- Generation d'une liste qui represente les mots choisi. START
2021-02-02 06:20:25,948 -- root -- INFO -- Generation d'une liste qui represente les mots choisi. FIN ==> mot à diviner :das representation : ['-', '-', '-']
2021-02-02 06:20:25,948 -- root -- INFO -- Debut du boucle while pour diviner le mot caché. START 
2021-02-02 06:21:36,875 -- root -- INFO -- L'utilisateur à tappé : 
2021-02-02 06:21:36,876 -- root -- INFO -- Verification si la lettre fait partir du mot à diviner 
2021-02-02 06:21:36,876 -- root -- INFO -- La lettre : fait partie du mot, alors chaine decouverte pour le moment ---
2021-02-02 06:21:36,878 -- root -- INFO -- Affichage du mot decouverte jusqu'au moment ['-', '-', '-']  liste des lettres tappé : {''}
2021-02-02 06:21:36,879 -- root -- INFO -- Initiation de verifaction si on a decouvert le mot . START
2021-02-02 06:21:36,879 -- root -- INFO -- Demande à l'utilisateur s'il veut taper le mot à diviner : [Oui] o / [Non]?. START
2021-02-02 07:12:45,281 -- root -- INFO -- Verification overture de fichier mots. START
2021-02-02 07:12:45,284 -- urllib3.connectionpool -- DEBUG -- Starting new HTTP connection (1): www.mit.edu:80
2021-02-02 07:12:45,766 -- urllib3.connectionpool -- DEBUG -- http://www.mit.edu:80 "GET /~ecprice/wordlist.10000 HTTP/1.1" 200 75880
2021-02-02 07:12:45,787 -- root -- INFO -- Le Site functionne correcterment. Verification overture de fichier mots. FIN
2021-02-02 07:12:46,326 -- root -- INFO -- Declaration des variables
2021-02-02 07:12:46,349 -- root -- INFO -- Fin de declaration des variables
2021-02-02 07:12:46,350 -- root -- INFO -- Generation d'une liste qui represente les mots choisi. START
2021-02-02 07:12:46,350 -- root -- INFO -- Generation d'une liste qui represente les mots choisi. FIN ==> mot à diviner :psp representation : ['-', '-', '-']
2021-02-02 07:12:46,350 -- root -- INFO -- Debut du boucle while pour diviner le mot caché. START 
2021-02-02 07:15:14,623 -- root -- INFO -- Verification overture de fichier mots. START
2021-02-02 07:15:14,626 -- urllib3.connectionpool -- DEBUG -- Starting new HTTP connection (1): www.mit.edu:80
2021-02-02 07:15:14,676 -- urllib3.connectionpool -- DEBUG -- http://www.mit.edu:80 "GET /~ecprice/wordlist.10000 HTTP/1.1" 200 75880
2021-02-02 07:15:14,697 -- root -- INFO -- Le Site functionne correcterment. Verification overture de fichier mots. FIN
2021-02-02 07:15:14,698 -- root -- INFO -- Declaration des variables
2021-02-02 07:15:14,699 -- root -- INFO -- Fin de declaration des variables
2021-02-02 07:15:14,699 -- root -- INFO -- Generation d'une liste qui represente les mots choisi. START
2021-02-02 07:15:14,699 -- root -- INFO -- Generation d'une liste qui represente les mots choisi. FIN ==> mot à diviner :smilies representation : ['-', '-', '-', '-', '-', '-', '-']
2021-02-02 07:15:14,699 -- root -- INFO -- Debut du boucle while pour diviner le mot caché. START 
2021-02-02 07:16:11,035 -- root -- INFO -- L'utilisateur à tappé : h
2021-02-02 07:16:11,035 -- root -- INFO -- Verification si la lettre fait partir du mot à diviner 
2021-02-02 07:16:11,049 -- root -- INFO -- La lettre : h ne fait pas partie du mot, alors on enleve une vie, il reste 6 vies
2021-02-02 07:16:11,050 -- root -- INFO -- Affichage du mot decouverte jusqu'au moment ['-', '-', '-', '-', '-', '-', '-']  liste des lettres tappé : {'h'}
2021-02-02 07:16:11,050 -- root -- INFO -- Initiation de verifaction si on a decouvert le mot . START
2021-02-02 07:16:11,050 -- root -- INFO -- Demande à l'utilisateur s'il veut taper le mot à diviner : [Oui] o / [Non]?. START
